This file contains any messages produced by compilers while
running configure, to aid debugging if configure makes a mistake.

It was created by Multiboot configure 0.6.96, which was
generated by GNU Autoconf 2.69.  Invocation command line was

  $ ./configure 

## --------- ##
## Platform. ##
## --------- ##

hostname = wanglong-laptop
uname -m = i686
uname -r = 3.2.0-53-generic-pae
uname -s = Linux
uname -v = #81-Ubuntu SMP Thu Aug 22 21:23:47 UTC 2013

/usr/bin/uname -p = unknown
/bin/uname -X     = unknown

/bin/arch              = unknown
/usr/bin/arch -k       = unknown
/usr/convex/getsysinfo = unknown
/usr/bin/hostinfo      = unknown
/bin/machine           = unknown
/usr/bin/oslevel       = unknown
/bin/universe          = unknown

PATH: /usr/lib/lightdm/lightdm
PATH: /usr/local/sbin
PATH: /usr/local/bin
PATH: /usr/sbin
PATH: /usr/bin
PATH: /sbin
PATH: /bin
PATH: /usr/games
PATH: /home/wanglong/Downloads/go/bin
PATH: /home/wanglong/.rvm/bin
PATH: /usr/java/jdk1.6.0_26/bin
PATH: /home/wanglong/openstack-gitdm


## ----------- ##
## Core tests. ##
## ----------- ##

configure:1857: checking for a BSD-compatible install
configure:1925: result: /usr/bin/install -c
configure:1936: checking whether build environment is sane
configure:1991: result: yes
configure:2142: checking for a thread-safe mkdir -p
configure:2181: result: /bin/mkdir -p
configure:2188: checking for gawk
configure:2204: found /usr/bin/gawk
configure:2215: result: gawk
configure:2226: checking whether make sets $(MAKE)
configure:2248: result: yes
configure:2277: checking whether make supports nested variables
configure:2294: result: yes
configure:2426: checking for gcc
configure:2442: found /usr/bin/gcc
configure:2453: result: gcc
configure:2523: checking for gcc
configure:2550: result: gcc
configure:2779: checking for C compiler version
configure:2788: gcc --version >&5
gcc (Ubuntu/Linaro 4.6.3-1ubuntu5) 4.6.3
Copyright (C) 2011 Free Software Foundation, Inc.
This is free software; see the source for copying conditions.  There is NO
warranty; not even for MERCHANTABILITY or FITNESS FOR A PARTICULAR PURPOSE.

configure:2799: $? = 0
configure:2788: gcc -v >&5
Using built-in specs.
COLLECT_GCC=gcc
COLLECT_LTO_WRAPPER=/usr/lib/gcc/i686-linux-gnu/4.6/lto-wrapper
Target: i686-linux-gnu
Configured with: ../src/configure -v --with-pkgversion='Ubuntu/Linaro 4.6.3-1ubuntu5' --with-bugurl=file:///usr/share/doc/gcc-4.6/README.Bugs --enable-languages=c,c++,fortran,objc,obj-c++ --prefix=/usr --program-suffix=-4.6 --enable-shared --enable-linker-build-id --with-system-zlib --libexecdir=/usr/lib --without-included-gettext --enable-threads=posix --with-gxx-include-dir=/usr/include/c++/4.6 --libdir=/usr/lib --enable-nls --with-sysroot=/ --enable-clocale=gnu --enable-libstdcxx-debug --enable-libstdcxx-time=yes --enable-gnu-unique-object --enable-plugin --enable-objc-gc --enable-targets=all --disable-werror --with-arch-32=i686 --with-tune=generic --enable-checking=release --build=i686-linux-gnu --host=i686-linux-gnu --target=i686-linux-gnu
Thread model: posix
gcc version 4.6.3 (Ubuntu/Linaro 4.6.3-1ubuntu5) 
configure:2799: $? = 0
configure:2788: gcc -V >&5
gcc: error: unrecognized option '-V'
gcc: fatal error: no input files
compilation terminated.
configure:2799: $? = 4
configure:2788: gcc -qversion >&5
gcc: error: unrecognized option '-qversion'
gcc: fatal error: no input files
compilation terminated.
configure:2799: $? = 4
configure:2819: checking whether the C compiler works
configure:2841: gcc    conftest.c  >&5
configure:2845: $? = 0
configure:2893: result: yes
configure:2896: checking for C compiler default output file name
configure:2898: result: a.out
configure:2904: checking for suffix of executables
configure:2911: gcc -o conftest    conftest.c  >&5
configure:2915: $? = 0
configure:2937: result: 
configure:2959: checking whether we are cross compiling
configure:2967: gcc -o conftest    conftest.c  >&5
configure:2971: $? = 0
configure:2978: ./conftest
configure:2982: $? = 0
configure:2997: result: no
configure:3002: checking for suffix of object files
configure:3024: gcc -c   conftest.c >&5
configure:3028: $? = 0
configure:3049: result: o
configure:3053: checking whether we are using the GNU C compiler
configure:3072: gcc -c   conftest.c >&5
configure:3072: $? = 0
configure:3081: result: yes
configure:3090: checking whether gcc accepts -g
configure:3110: gcc -c -g  conftest.c >&5
configure:3110: $? = 0
configure:3151: result: yes
configure:3168: checking for gcc option to accept ISO C89
configure:3231: gcc  -c -g -O2  conftest.c >&5
configure:3231: $? = 0
configure:3244: result: none needed
configure:3275: checking for style of include used by make
configure:3303: result: GNU
configure:3329: checking dependency style of gcc
configure:3440: result: gcc3
configure:3464: checking dependency style of gcc
configure:3573: result: gcc3
configure:3592: checking dependency style of gcc
configure:3703: result: gcc3
configure:3916: checking that generated files are newer than configure
configure:3922: result: done
configure:3965: creating ./config.status

## ---------------------- ##
## Running config.status. ##
## ---------------------- ##

This file was extended by Multiboot config.status 0.6.96, which was
generated by GNU Autoconf 2.69.  Invocation command line was

  CONFIG_FILES    = 
  CONFIG_HEADERS  = 
  CONFIG_LINKS    = 
  CONFIG_COMMANDS = 
  $ ./config.status 

on wanglong-laptop

config.status:853: creating Makefile
config.status:853: creating doc/Makefile
config.status:853: creating util/Makefile
config.status:853: creating config.h
config.status:1034: config.h is unchanged
config.status:1082: executing depfiles commands

## ---------------- ##
## Cache variables. ##
## ---------------- ##

ac_cv_c_compiler_gnu=yes
ac_cv_env_CCASFLAGS_set=
ac_cv_env_CCASFLAGS_value=
ac_cv_env_CCAS_set=
ac_cv_env_CCAS_value=
ac_cv_env_CC_set=
ac_cv_env_CC_value=
ac_cv_env_CFLAGS_set=
ac_cv_env_CFLAGS_value=
ac_cv_env_CPPFLAGS_set=
ac_cv_env_CPPFLAGS_value=
ac_cv_env_LDFLAGS_set=
ac_cv_env_LDFLAGS_value=
ac_cv_env_LIBS_set=
ac_cv_env_LIBS_value=
ac_cv_env_build_alias_set=
ac_cv_env_build_alias_value=
ac_cv_env_host_alias_set=
ac_cv_env_host_alias_value=
ac_cv_env_target_alias_set=
ac_cv_env_target_alias_value=
ac_cv_objext=o
ac_cv_path_install='/usr/bin/install -c'
ac_cv_path_mkdir=/bin/mkdir
ac_cv_prog_AWK=gawk
ac_cv_prog_ac_ct_CC=gcc
ac_cv_prog_cc_c89=
ac_cv_prog_cc_g=yes
ac_cv_prog_make_make_set=yes
am_cv_CCAS_dependencies_compiler_type=gcc3
am_cv_CC_dependencies_compiler_type=gcc3
am_cv_make_support_nested_variables=yes

## ----------------- ##
## Output variables. ##
## ----------------- ##

ACLOCAL='${SHELL} /home/wanglong/multiboot/multiboot-0.6.96/missing aclocal-1.13'
AMDEPBACKSLASH='\'
AMDEP_FALSE='#'
AMDEP_TRUE=''
AMTAR='$${TAR-tar}'
AM_BACKSLASH='\'
AM_DEFAULT_V='$(AM_DEFAULT_VERBOSITY)'
AM_DEFAULT_VERBOSITY='1'
AM_V='$(V)'
AUTOCONF='${SHELL} /home/wanglong/multiboot/multiboot-0.6.96/missing autoconf'
AUTOHEADER='${SHELL} /home/wanglong/multiboot/multiboot-0.6.96/missing autoheader'
AUTOMAKE='${SHELL} /home/wanglong/multiboot/multiboot-0.6.96/missing automake-1.13'
AWK='gawk'
BUILD_EXAMPLE_KERNEL_FALSE=''
BUILD_EXAMPLE_KERNEL_TRUE='#'
BUILD_MBCHK_FALSE=''
BUILD_MBCHK_TRUE='#'
CC='gcc'
CCAS='gcc'
CCASDEPMODE='depmode=gcc3'
CCASFLAGS='$(DEFS) $(DEFAULT_INCLUDES) $(INCLUDES) $(CPPFLAGS) $(CFLAGS)'
CCDEPMODE='depmode=gcc3'
CFLAGS='-g -O2'
COND_MAN_PAGES_FALSE=''
COND_MAN_PAGES_TRUE='#'
CPPFLAGS=''
CYGPATH_W='echo'
DEFS='-DHAVE_CONFIG_H'
DEPDIR='.deps'
ECHO_C=''
ECHO_N='-n'
ECHO_T=''
EXEEXT=''
HELP2MAN=''
INSTALL_DATA='${INSTALL} -m 644'
INSTALL_PROGRAM='${INSTALL}'
INSTALL_SCRIPT='${INSTALL}'
INSTALL_STRIP_PROGRAM='$(install_sh) -c -s'
LDFLAGS=''
LIBOBJS=''
LIBS=''
LTLIBOBJS=''
MAKEINFO='${SHELL} /home/wanglong/multiboot/multiboot-0.6.96/missing makeinfo'
MKDIR_P='/bin/mkdir -p'
OBJEXT='o'
PACKAGE='multiboot'
PACKAGE_BUGREPORT='bug-grub@gnu.org'
PACKAGE_NAME='Multiboot'
PACKAGE_STRING='Multiboot 0.6.96'
PACKAGE_TARNAME='multiboot'
PACKAGE_URL=''
PACKAGE_VERSION='0.6.96'
PATH_SEPARATOR=':'
SET_MAKE=''
SHELL='/bin/bash'
STRIP=''
VERSION='0.6.96'
ac_ct_CC='gcc'
am__EXEEXT_FALSE=''
am__EXEEXT_TRUE='#'
am__fastdepCCAS_FALSE='#'
am__fastdepCCAS_TRUE=''
am__fastdepCC_FALSE='#'
am__fastdepCC_TRUE=''
am__include='include'
am__isrc=''
am__leading_dot='.'
am__nodep='_no'
am__quote=''
am__tar='$${TAR-tar} chof - "$$tardir"'
am__untar='$${TAR-tar} xf -'
bindir='${exec_prefix}/bin'
build_alias=''
datadir='${datarootdir}'
datarootdir='${prefix}/share'
docdir='${datarootdir}/doc/${PACKAGE_TARNAME}'
dvidir='${docdir}'
exec_prefix='${prefix}'
host_alias=''
htmldir='${docdir}'
includedir='${prefix}/include'
infodir='${datarootdir}/info'
install_sh='${SHELL} /home/wanglong/multiboot/multiboot-0.6.96/install-sh'
libdir='${exec_prefix}/lib'
libexecdir='${exec_prefix}/libexec'
localedir='${datarootdir}/locale'
localstatedir='${prefix}/var'
mandir='${datarootdir}/man'
mkdir_p='$(MKDIR_P)'
oldincludedir='/usr/include'
pdfdir='${docdir}'
prefix='/usr/local'
program_transform_name='s,x,x,'
psdir='${docdir}'
sbindir='${exec_prefix}/sbin'
sharedstatedir='${prefix}/com'
sysconfdir='${prefix}/etc'
target_alias=''

## ----------- ##
## confdefs.h. ##
## ----------- ##

/* confdefs.h */
#define PACKAGE_NAME "Multiboot"
#define PACKAGE_TARNAME "multiboot"
#define PACKAGE_VERSION "0.6.96"
#define PACKAGE_STRING "Multiboot 0.6.96"
#define PACKAGE_BUGREPORT "bug-grub@gnu.org"
#define PACKAGE_URL ""
#define PACKAGE "multiboot"
#define VERSION "0.6.96"

configure: exit 0
